build/intermediates/manifest_merge_blame_file/debug/manifest-merger-blame-debug-report.txt
1<?xml version="1.0" encoding="utf-8"?>
2<manifest xmlns:android="http://schemas.android.com/apk/res/android"
3    package="xeliuqa.com"
4    android:versionCode="10"
5    android:versionName="1.10" >
6
7    <uses-sdk
8        android:minSdkVersion="24"
8-->src\main\AndroidManifest.xml
9        android:targetSdkVersion="34" />
9-->src\main\AndroidManifest.xml
10
11    <uses-permission android:name="android.permission.INTERNET" />
11-->src\main\AndroidManifest.xml:7:5-66
11-->src\main\AndroidManifest.xml:7:22-64
12    <uses-permission android:name="android.permission.CAMERA" />
12-->src\main\AndroidManifest.xml:8:5-64
12-->src\main\AndroidManifest.xml:8:22-62
13
14    <uses-feature
14-->src\main\AndroidManifest.xml:9:5-84
15        android:name="android.hardware.camera"
15-->src\main\AndroidManifest.xml:9:19-57
16        android:required="false" />
16-->src\main\AndroidManifest.xml:9:58-82
17    <uses-feature
17-->src\main\AndroidManifest.xml:10:5-90
18        android:name="android.hardware.camera.front"
18-->src\main\AndroidManifest.xml:10:19-63
19        android:required="false" />
19-->src\main\AndroidManifest.xml:10:64-88
20    <uses-feature
20-->src\main\AndroidManifest.xml:11:5-94
21        android:name="android.hardware.camera.autofocus"
21-->src\main\AndroidManifest.xml:11:19-67
22        android:required="false" />
22-->src\main\AndroidManifest.xml:11:68-92
23    <uses-feature
23-->src\main\AndroidManifest.xml:12:5-90
24        android:name="android.hardware.camera.flash"
24-->src\main\AndroidManifest.xml:12:19-63
25        android:required="false" />
25-->src\main\AndroidManifest.xml:12:64-88
26    <uses-feature
26-->src\main\AndroidManifest.xml:13:5-94
27        android:name="android.hardware.screen.landscape"
27-->src\main\AndroidManifest.xml:13:19-67
28        android:required="false" />
28-->src\main\AndroidManifest.xml:13:68-92
29    <uses-feature
29-->src\main\AndroidManifest.xml:14:5-82
30        android:name="android.hardware.wifi"
30-->src\main\AndroidManifest.xml:14:19-55
31        android:required="false" />
31-->src\main\AndroidManifest.xml:14:56-80
32
33    <uses-permission android:name="android.permission.INTERNET" />
33-->src\main\AndroidManifest.xml:7:5-66
33-->src\main\AndroidManifest.xml:7:22-64
34    <uses-permission
34-->src\main\AndroidManifest.xml:17:5-18:38
35        android:name="android.permission.READ_EXTERNAL_STORAGE"
35-->src\main\AndroidManifest.xml:17:22-77
36        android:maxSdkVersion="32" />
36-->src\main\AndroidManifest.xml:18:9-35
37    <uses-permission android:name="android.permission.ACCESS_NETWORK_STATE" />
37-->src\main\AndroidManifest.xml:19:5-79
37-->src\main\AndroidManifest.xml:19:22-76
38    <uses-permission android:name="android.permission.ACCESS_WIFI_STATE" />
38-->src\main\AndroidManifest.xml:20:5-76
38-->src\main\AndroidManifest.xml:20:22-73
39
40    <permission
40-->[androidx.core:core:1.9.0] AndroidManifest.xml:22:5-24:47
41        android:name="xeliuqa.com.DYNAMIC_RECEIVER_NOT_EXPORTED_PERMISSION"
41-->[androidx.core:core:1.9.0] AndroidManifest.xml:23:9-81
42        android:protectionLevel="signature" />
42-->[androidx.core:core:1.9.0] AndroidManifest.xml:24:9-44
43
44    <uses-permission android:name="xeliuqa.com.DYNAMIC_RECEIVER_NOT_EXPORTED_PERMISSION" />
44-->[androidx.core:core:1.9.0] AndroidManifest.xml:26:5-97
44-->[androidx.core:core:1.9.0] AndroidManifest.xml:26:22-94
45
46    <application
46-->src\main\AndroidManifest.xml:22:5-176:19
47        android:allowBackup="true"
47-->src\main\AndroidManifest.xml:23:9-35
48        android:appComponentFactory="androidx.core.app.CoreComponentFactory"
48-->[androidx.core:core:1.9.0] AndroidManifest.xml:28:18-86
49        android:dataExtractionRules="@xml/data_extraction_rules"
49-->src\main\AndroidManifest.xml:24:9-65
50        android:debuggable="true"
51        android:extractNativeLibs="false"
52        android:fullBackupContent="@xml/backup_rules"
52-->src\main\AndroidManifest.xml:25:9-54
53        android:icon="@mipmap/ic_launcher"
53-->src\main\AndroidManifest.xml:26:9-43
54        android:label="@string/app_name"
54-->src\main\AndroidManifest.xml:27:9-41
55        android:networkSecurityConfig="@xml/network_secutiry_config"
55-->src\main\AndroidManifest.xml:31:9-69
56        android:roundIcon="@mipmap/ic_launcher_round"
56-->src\main\AndroidManifest.xml:28:9-54
57        android:supportsRtl="true"
57-->src\main\AndroidManifest.xml:29:9-35
58        android:testOnly="true"
59        android:theme="@style/AppThemeNoActionBar"
59-->src\main\AndroidManifest.xml:32:9-51
60        android:usesCleartextTraffic="true" >
60-->src\main\AndroidManifest.xml:30:9-44
61        <activity
61-->src\main\AndroidManifest.xml:34:9-37:72
62            android:name="xeliuqa.com.Update_Ticker"
62-->src\main\AndroidManifest.xml:35:13-42
63            android:configChanges="orientation|keyboardHidden|screenSize"
63-->src\main\AndroidManifest.xml:36:13-74
64            android:theme="@style/Theme.AppCompat.Light.NoActionBar" />
64-->src\main\AndroidManifest.xml:37:13-69
65        <activity
65-->src\main\AndroidManifest.xml:38:9-41:72
66            android:name="xeliuqa.com.Trade"
66-->src\main\AndroidManifest.xml:39:13-34
67            android:configChanges="orientation|keyboardHidden|screenSize"
67-->src\main\AndroidManifest.xml:40:13-74
68            android:theme="@style/Theme.AppCompat.Light.NoActionBar" />
68-->src\main\AndroidManifest.xml:41:13-69
69        <activity
69-->src\main\AndroidManifest.xml:42:9-45:72
70            android:name="xeliuqa.com.DetailView"
70-->src\main\AndroidManifest.xml:43:13-39
71            android:configChanges="orientation|keyboardHidden|screenSize"
71-->src\main\AndroidManifest.xml:44:13-74
72            android:theme="@style/Theme.AppCompat.Light.NoActionBar" />
72-->src\main\AndroidManifest.xml:45:13-69
73        <activity
73-->src\main\AndroidManifest.xml:46:9-49:72
74            android:name="xeliuqa.com.update"
74-->src\main\AndroidManifest.xml:47:13-35
75            android:configChanges="orientation|keyboardHidden|screenSize"
75-->src\main\AndroidManifest.xml:48:13-74
76            android:theme="@style/Theme.AppCompat.Light.NoActionBar" />
76-->src\main\AndroidManifest.xml:49:13-69
77        <activity
77-->src\main\AndroidManifest.xml:50:9-53:72
78            android:name="xeliuqa.com.History"
78-->src\main\AndroidManifest.xml:51:13-36
79            android:configChanges="orientation|keyboardHidden|screenSize"
79-->src\main\AndroidManifest.xml:52:13-74
80            android:theme="@style/Theme.AppCompat.Light.NoActionBar" />
80-->src\main\AndroidManifest.xml:53:13-69
81        <activity
81-->src\main\AndroidManifest.xml:54:9-57:72
82            android:name="xeliuqa.com.Status"
82-->src\main\AndroidManifest.xml:55:13-35
83            android:configChanges="orientation|keyboardHidden|screenSize"
83-->src\main\AndroidManifest.xml:56:13-74
84            android:theme="@style/Theme.AppCompat.Light.NoActionBar" />
84-->src\main\AndroidManifest.xml:57:13-69
85        <activity
85-->src\main\AndroidManifest.xml:58:9-61:72
86            android:name="xeliuqa.com.Exchange"
86-->src\main\AndroidManifest.xml:59:13-37
87            android:configChanges="orientation|keyboardHidden|screenSize"
87-->src\main\AndroidManifest.xml:60:13-74
88            android:theme="@style/Theme.AppCompat.Light.NoActionBar" />
88-->src\main\AndroidManifest.xml:61:13-69
89        <activity
89-->src\main\AndroidManifest.xml:62:9-65:72
90            android:name="xeliuqa.com.Assets"
90-->src\main\AndroidManifest.xml:63:13-35
91            android:configChanges="orientation|keyboardHidden|screenSize"
91-->src\main\AndroidManifest.xml:64:13-74
92            android:theme="@style/Theme.AppCompat.Light.NoActionBar" />
92-->src\main\AndroidManifest.xml:65:13-69
93        <activity
93-->src\main\AndroidManifest.xml:66:9-69:72
94            android:name="xeliuqa.com.Settings"
94-->src\main\AndroidManifest.xml:67:13-37
95            android:configChanges="orientation|keyboardHidden|screenSize"
95-->src\main\AndroidManifest.xml:68:13-74
96            android:theme="@style/Theme.AppCompat.Light.NoActionBar" />
96-->src\main\AndroidManifest.xml:69:13-69
97        <activity
97-->src\main\AndroidManifest.xml:70:9-73:72
98            android:name="xeliuqa.com.Account_Edit"
98-->src\main\AndroidManifest.xml:71:13-41
99            android:configChanges="orientation|keyboardHidden|screenSize"
99-->src\main\AndroidManifest.xml:72:13-74
100            android:theme="@style/Theme.AppCompat.Light.NoActionBar" />
100-->src\main\AndroidManifest.xml:73:13-69
101        <activity
101-->src\main\AndroidManifest.xml:74:9-77:72
102            android:name="xeliuqa.com.Reward"
102-->src\main\AndroidManifest.xml:75:13-35
103            android:configChanges="orientation|keyboardHidden|screenSize"
103-->src\main\AndroidManifest.xml:76:13-74
104            android:theme="@style/Theme.AppCompat.Light.NoActionBar" />
104-->src\main\AndroidManifest.xml:77:13-69
105        <activity
105-->src\main\AndroidManifest.xml:78:9-81:72
106            android:name="xeliuqa.com.bch_send"
106-->src\main\AndroidManifest.xml:79:13-37
107            android:configChanges="orientation|keyboardHidden|screenSize"
107-->src\main\AndroidManifest.xml:80:13-74
108            android:theme="@style/Theme.AppCompat.Light.NoActionBar" />
108-->src\main\AndroidManifest.xml:81:13-69
109        <activity
109-->src\main\AndroidManifest.xml:82:9-85:72
110            android:name="xeliuqa.com.PIN_Verify"
110-->src\main\AndroidManifest.xml:83:13-39
111            android:configChanges="orientation|keyboardHidden|screenSize"
111-->src\main\AndroidManifest.xml:84:13-74
112            android:theme="@style/Theme.AppCompat.Light.NoActionBar" />
112-->src\main\AndroidManifest.xml:85:13-69
113        <activity
113-->src\main\AndroidManifest.xml:86:9-89:72
114            android:name="xeliuqa.com.PIN_Create2"
114-->src\main\AndroidManifest.xml:87:13-40
115            android:configChanges="orientation|keyboardHidden|screenSize"
115-->src\main\AndroidManifest.xml:88:13-74
116            android:theme="@style/Theme.AppCompat.Light.NoActionBar" />
116-->src\main\AndroidManifest.xml:89:13-69
117        <activity
117-->src\main\AndroidManifest.xml:90:9-93:72
118            android:name="xeliuqa.com.PIN_Create1"
118-->src\main\AndroidManifest.xml:91:13-40
119            android:configChanges="orientation|keyboardHidden|screenSize"
119-->src\main\AndroidManifest.xml:92:13-74
120            android:theme="@style/Theme.AppCompat.Light.NoActionBar" />
120-->src\main\AndroidManifest.xml:93:13-69
121        <activity
121-->src\main\AndroidManifest.xml:94:9-97:72
122            android:name="xeliuqa.com.Transaction_BCH"
122-->src\main\AndroidManifest.xml:95:13-44
123            android:configChanges="orientation|keyboardHidden|screenSize"
123-->src\main\AndroidManifest.xml:96:13-74
124            android:theme="@style/Theme.AppCompat.Light.NoActionBar" />
124-->src\main\AndroidManifest.xml:97:13-69
125        <activity
125-->src\main\AndroidManifest.xml:98:9-101:72
126            android:name="xeliuqa.com.Account"
126-->src\main\AndroidManifest.xml:99:13-36
127            android:configChanges="orientation|keyboardHidden|screenSize"
127-->src\main\AndroidManifest.xml:100:13-74
128            android:theme="@style/Theme.AppCompat.Light.NoActionBar" />
128-->src\main\AndroidManifest.xml:101:13-69
129        <activity
129-->src\main\AndroidManifest.xml:102:9-105:72
130            android:name="xeliuqa.com.erc_send"
130-->src\main\AndroidManifest.xml:103:13-37
131            android:configChanges="orientation|keyboardHidden|screenSize"
131-->src\main\AndroidManifest.xml:104:13-74
132            android:theme="@style/Theme.AppCompat.Light.NoActionBar" />
132-->src\main\AndroidManifest.xml:105:13-69
133        <activity
133-->src\main\AndroidManifest.xml:106:9-109:72
134            android:name="xeliuqa.com.eth_send"
134-->src\main\AndroidManifest.xml:107:13-37
135            android:configChanges="orientation|keyboardHidden|screenSize"
135-->src\main\AndroidManifest.xml:108:13-74
136            android:theme="@style/Theme.AppCompat.Light.NoActionBar" />
136-->src\main\AndroidManifest.xml:109:13-69
137        <activity
137-->src\main\AndroidManifest.xml:110:9-113:72
138            android:name="xeliuqa.com.blockchain"
138-->src\main\AndroidManifest.xml:111:13-39
139            android:configChanges="orientation|keyboardHidden|screenSize"
139-->src\main\AndroidManifest.xml:112:13-74
140            android:theme="@style/Theme.AppCompat.Light.NoActionBar" />
140-->src\main\AndroidManifest.xml:113:13-69
141        <activity
141-->src\main\AndroidManifest.xml:114:9-117:72
142            android:name="xeliuqa.com.btc_send"
142-->src\main\AndroidManifest.xml:115:13-37
143            android:configChanges="orientation|keyboardHidden|screenSize"
143-->src\main\AndroidManifest.xml:116:13-74
144            android:theme="@style/Theme.AppCompat.Light.NoActionBar" />
144-->src\main\AndroidManifest.xml:117:13-69
145        <activity
145-->src\main\AndroidManifest.xml:118:9-121:72
146            android:name="xeliuqa.com.qrcode"
146-->src\main\AndroidManifest.xml:119:13-35
147            android:configChanges="orientation|keyboardHidden|screenSize"
147-->src\main\AndroidManifest.xml:120:13-74
148            android:theme="@style/Theme.AppCompat.Light.NoActionBar" />
148-->src\main\AndroidManifest.xml:121:13-69
149        <activity
149-->src\main\AndroidManifest.xml:122:9-125:72
150            android:name="xeliuqa.com.Transaction_ERC"
150-->src\main\AndroidManifest.xml:123:13-44
151            android:configChanges="orientation|keyboardHidden|screenSize"
151-->src\main\AndroidManifest.xml:124:13-74
152            android:theme="@style/Theme.AppCompat.Light.NoActionBar" />
152-->src\main\AndroidManifest.xml:125:13-69
153        <activity
153-->src\main\AndroidManifest.xml:126:9-129:72
154            android:name="xeliuqa.com.Transaction_BTC"
154-->src\main\AndroidManifest.xml:127:13-44
155            android:configChanges="orientation|keyboardHidden|screenSize"
155-->src\main\AndroidManifest.xml:128:13-74
156            android:theme="@style/Theme.AppCompat.Light.NoActionBar" />
156-->src\main\AndroidManifest.xml:129:13-69
157        <activity
157-->src\main\AndroidManifest.xml:130:9-133:72
158            android:name="xeliuqa.com.Transaction_ETH"
158-->src\main\AndroidManifest.xml:131:13-44
159            android:configChanges="orientation|keyboardHidden|screenSize"
159-->src\main\AndroidManifest.xml:132:13-74
160            android:theme="@style/Theme.AppCompat.Light.NoActionBar" />
160-->src\main\AndroidManifest.xml:133:13-69
161        <activity
161-->src\main\AndroidManifest.xml:134:9-137:72
162            android:name="xeliuqa.com.Forgot"
162-->src\main\AndroidManifest.xml:135:13-35
163            android:configChanges="orientation|keyboardHidden|screenSize"
163-->src\main\AndroidManifest.xml:136:13-74
164            android:theme="@style/Theme.AppCompat.Light.NoActionBar" />
164-->src\main\AndroidManifest.xml:137:13-69
165        <activity
165-->src\main\AndroidManifest.xml:138:9-141:72
166            android:name="xeliuqa.com.Verify_Seed"
166-->src\main\AndroidManifest.xml:139:13-40
167            android:configChanges="orientation|keyboardHidden|screenSize"
167-->src\main\AndroidManifest.xml:140:13-74
168            android:theme="@style/Theme.AppCompat.Light.NoActionBar" />
168-->src\main\AndroidManifest.xml:141:13-69
169        <activity
169-->src\main\AndroidManifest.xml:142:9-145:72
170            android:name="xeliuqa.com.Word_Seed"
170-->src\main\AndroidManifest.xml:143:13-38
171            android:configChanges="orientation|keyboardHidden|screenSize"
171-->src\main\AndroidManifest.xml:144:13-74
172            android:theme="@style/Theme.AppCompat.Light.NoActionBar" />
172-->src\main\AndroidManifest.xml:145:13-69
173        <activity
173-->src\main\AndroidManifest.xml:146:9-149:72
174            android:name="xeliuqa.com.Message"
174-->src\main\AndroidManifest.xml:147:13-36
175            android:configChanges="orientation|keyboardHidden|screenSize"
175-->src\main\AndroidManifest.xml:148:13-74
176            android:theme="@style/Theme.AppCompat.Light.NoActionBar" />
176-->src\main\AndroidManifest.xml:149:13-69
177        <activity
177-->src\main\AndroidManifest.xml:150:9-153:72
178            android:name="xeliuqa.com.MainActivity"
178-->src\main\AndroidManifest.xml:151:13-41
179            android:configChanges="orientation|keyboardHidden|screenSize"
179-->src\main\AndroidManifest.xml:152:13-74
180            android:theme="@style/Theme.AppCompat.Light.NoActionBar" />
180-->src\main\AndroidManifest.xml:153:13-69
181        <activity
181-->src\main\AndroidManifest.xml:154:9-157:72
182            android:name="xeliuqa.com.Signin"
182-->src\main\AndroidManifest.xml:155:13-35
183            android:configChanges="orientation|keyboardHidden|screenSize"
183-->src\main\AndroidManifest.xml:156:13-74
184            android:theme="@style/Theme.AppCompat.Light.NoActionBar" />
184-->src\main\AndroidManifest.xml:157:13-69
185        <activity
185-->src\main\AndroidManifest.xml:158:9-161:72
186            android:name="xeliuqa.com.Signup"
186-->src\main\AndroidManifest.xml:159:13-35
187            android:configChanges="orientation|keyboardHidden|screenSize"
187-->src\main\AndroidManifest.xml:160:13-74
188            android:theme="@style/Theme.AppCompat.Light.NoActionBar" />
188-->src\main\AndroidManifest.xml:161:13-69
189        <activity
189-->src\main\AndroidManifest.xml:162:9-165:72
190            android:name="xeliuqa.com.Welcome"
190-->src\main\AndroidManifest.xml:163:13-36
191            android:configChanges="orientation|keyboardHidden|screenSize"
191-->src\main\AndroidManifest.xml:164:13-74
192            android:theme="@style/Theme.AppCompat.Light.NoActionBar" />
192-->src\main\AndroidManifest.xml:165:13-69
193        <activity
193-->src\main\AndroidManifest.xml:167:9-175:20
194            android:name="xeliuqa.com.SplashActivity"
194-->src\main\AndroidManifest.xml:167:19-49
195            android:exported="true"
195-->src\main\AndroidManifest.xml:170:13-36
196            android:screenOrientation="portrait"
196-->src\main\AndroidManifest.xml:168:13-49
197            android:theme="@style/Theme.AppCompat.Light.NoActionBar" >
197-->src\main\AndroidManifest.xml:169:13-69
198            <intent-filter>
198-->src\main\AndroidManifest.xml:171:13-174:29
199                <action android:name="android.intent.action.MAIN" />
199-->src\main\AndroidManifest.xml:172:17-69
199-->src\main\AndroidManifest.xml:172:25-66
200
201                <category android:name="android.intent.category.LAUNCHER" />
201-->src\main\AndroidManifest.xml:173:17-77
201-->src\main\AndroidManifest.xml:173:27-74
202            </intent-filter>
203        </activity>
204        <activity
204-->[com.journeyapps:zxing-android-embedded:3.6.0] AndroidManifest.xml:47:9-53:63
205            android:name="com.journeyapps.barcodescanner.CaptureActivity"
205-->[com.journeyapps:zxing-android-embedded:3.6.0] AndroidManifest.xml:48:13-74
206            android:clearTaskOnLaunch="true"
206-->[com.journeyapps:zxing-android-embedded:3.6.0] AndroidManifest.xml:49:13-45
207            android:screenOrientation="sensorLandscape"
207-->[com.journeyapps:zxing-android-embedded:3.6.0] AndroidManifest.xml:50:13-56
208            android:stateNotNeeded="true"
208-->[com.journeyapps:zxing-android-embedded:3.6.0] AndroidManifest.xml:51:13-42
209            android:theme="@style/zxing_CaptureTheme"
209-->[com.journeyapps:zxing-android-embedded:3.6.0] AndroidManifest.xml:52:13-54
210            android:windowSoftInputMode="stateAlwaysHidden" />
210-->[com.journeyapps:zxing-android-embedded:3.6.0] AndroidManifest.xml:53:13-60
211
212        <provider
212-->[androidx.emoji2:emoji2:1.2.0] AndroidManifest.xml:24:9-32:20
213            android:name="androidx.startup.InitializationProvider"
213-->[androidx.emoji2:emoji2:1.2.0] AndroidManifest.xml:25:13-67
214            android:authorities="xeliuqa.com.androidx-startup"
214-->[androidx.emoji2:emoji2:1.2.0] AndroidManifest.xml:26:13-68
215            android:exported="false" >
215-->[androidx.emoji2:emoji2:1.2.0] AndroidManifest.xml:27:13-37
216            <meta-data
216-->[androidx.emoji2:emoji2:1.2.0] AndroidManifest.xml:29:13-31:52
217                android:name="androidx.emoji2.text.EmojiCompatInitializer"
217-->[androidx.emoji2:emoji2:1.2.0] AndroidManifest.xml:30:17-75
218                android:value="androidx.startup" />
218-->[androidx.emoji2:emoji2:1.2.0] AndroidManifest.xml:31:17-49
219            <meta-data
219-->[androidx.lifecycle:lifecycle-process:2.4.1] AndroidManifest.xml:31:13-33:52
220                android:name="androidx.lifecycle.ProcessLifecycleInitializer"
220-->[androidx.lifecycle:lifecycle-process:2.4.1] AndroidManifest.xml:32:17-78
221                android:value="androidx.startup" />
221-->[androidx.lifecycle:lifecycle-process:2.4.1] AndroidManifest.xml:33:17-49
222        </provider>
223    </application>
224
225</manifest>